  ProyectoFinal.cpp
C:\Users\daniela\Documents\8° semestre\Computación G\Laboratorio Comp Graf\Proyecto final\ProyectoFinal\ProyectoFinal\ProyectoFinal\ProyectoFinal.cpp(72,30): warning C4305: 'inicializando': truncamiento de 'double' a 'float'
C:\Users\daniela\Documents\8° semestre\Computación G\Laboratorio Comp Graf\Proyecto final\ProyectoFinal\ProyectoFinal\ProyectoFinal\ProyectoFinal.cpp(73,30): warning C4305: 'inicializando': truncamiento de 'double' a 'float'
C:\Users\daniela\Documents\8° semestre\Computación G\Laboratorio Comp Graf\Proyecto final\ProyectoFinal\ProyectoFinal\ProyectoFinal\ProyectoFinal.cpp(74,30): warning C4305: 'inicializando': truncamiento de 'double' a 'float'
C:\Users\daniela\Documents\8° semestre\Computación G\Laboratorio Comp Graf\Proyecto final\ProyectoFinal\ProyectoFinal\ProyectoFinal\ProyectoFinal.cpp(75,30): warning C4305: 'inicializando': truncamiento de 'double' a 'float'
C:\Users\daniela\Documents\8° semestre\Computación G\Laboratorio Comp Graf\Proyecto final\ProyectoFinal\ProyectoFinal\ProyectoFinal\ProyectoFinal.cpp(87,33): warning C4305: 'inicializando': truncamiento de 'double' a 'float'
C:\Users\daniela\Documents\8° semestre\Computación G\Laboratorio Comp Graf\Proyecto final\ProyectoFinal\ProyectoFinal\ProyectoFinal\ProyectoFinal.cpp(89,32): warning C4305: 'inicializando': truncamiento de 'double' a 'float'
C:\Users\daniela\Documents\8° semestre\Computación G\Laboratorio Comp Graf\Proyecto final\ProyectoFinal\ProyectoFinal\ProyectoFinal\ProyectoFinal.cpp(505,24): warning C4244: 'inicializando': conversión de 'double' a 'GLfloat'; posible pérdida de datos
C:\Users\daniela\Documents\8° semestre\Computación G\Laboratorio Comp Graf\Proyecto final\ProyectoFinal\ProyectoFinal\ProyectoFinal\ProyectoFinal.cpp(1218,20): warning C4305: '=': truncamiento de 'double' a 'float'
C:\Users\daniela\Documents\8° semestre\Computación G\Laboratorio Comp Graf\Proyecto final\ProyectoFinal\ProyectoFinal\ProyectoFinal\ProyectoFinal.cpp(1455,11): warning C4244: '=': conversión de 'double' a 'GLfloat'; posible pérdida de datos
C:\Users\daniela\Documents\8° semestre\Computación G\Laboratorio Comp Graf\Proyecto final\ProyectoFinal\ProyectoFinal\ProyectoFinal\ProyectoFinal.cpp(1456,11): warning C4244: '=': conversión de 'double' a 'GLfloat'; posible pérdida de datos
C:\Users\daniela\Documents\8° semestre\Computación G\Laboratorio Comp Graf\Proyecto final\ProyectoFinal\ProyectoFinal\ProyectoFinal\ProyectoFinal.cpp(1460,18): warning C4244: 'inicializando': conversión de 'double' a 'GLfloat'; posible pérdida de datos
C:\Users\daniela\Documents\8° semestre\Computación G\Laboratorio Comp Graf\Proyecto final\ProyectoFinal\ProyectoFinal\ProyectoFinal\ProyectoFinal.cpp(1461,18): warning C4244: 'inicializando': conversión de 'double' a 'GLfloat'; posible pérdida de datos
C:\Users\daniela\Documents\8° semestre\Computación G\Laboratorio Comp Graf\Proyecto final\ProyectoFinal\ProyectoFinal\ProyectoFinal\ProyectoFinal.cpp(1463,10): warning C4244: '=': conversión de 'double' a 'GLfloat'; posible pérdida de datos
C:\Users\daniela\Documents\8° semestre\Computación G\Laboratorio Comp Graf\Proyecto final\ProyectoFinal\ProyectoFinal\ProyectoFinal\ProyectoFinal.cpp(1464,10): warning C4244: '=': conversión de 'double' a 'GLfloat'; posible pérdida de datos
LINK : warning LNK4098: la biblioteca predeterminada'MSVCRT' entra en conflicto con otras bibliotecas; use la biblioteca /NODEFAULTLIB:biblioteca
soil2-debug.lib(etc1_utils.obj) : warning LNK4099: no se encontró PDB 'soil2-debug.pdb' con 'soil2-debug.lib(etc1_utils.obj)' o en 'C:\Users\daniela\Documents\8° semestre\Computación G\Laboratorio Comp Graf\Proyecto final\ProyectoFinal\ProyectoFinal\Debug\soil2-debug.pdb'; se vinculará el objeto sin tener en cuenta información de depuración
soil2-debug.lib(image_DXT.obj) : warning LNK4099: no se encontró PDB 'soil2-debug.pdb' con 'soil2-debug.lib(image_DXT.obj)' o en 'C:\Users\daniela\Documents\8° semestre\Computación G\Laboratorio Comp Graf\Proyecto final\ProyectoFinal\ProyectoFinal\Debug\soil2-debug.pdb'; se vinculará el objeto sin tener en cuenta información de depuración
soil2-debug.lib(image_helper.obj) : warning LNK4099: no se encontró PDB 'soil2-debug.pdb' con 'soil2-debug.lib(image_helper.obj)' o en 'C:\Users\daniela\Documents\8° semestre\Computación G\Laboratorio Comp Graf\Proyecto final\ProyectoFinal\ProyectoFinal\Debug\soil2-debug.pdb'; se vinculará el objeto sin tener en cuenta información de depuración
soil2-debug.lib(SOIL2.obj) : warning LNK4099: no se encontró PDB 'soil2-debug.pdb' con 'soil2-debug.lib(SOIL2.obj)' o en 'C:\Users\daniela\Documents\8° semestre\Computación G\Laboratorio Comp Graf\Proyecto final\ProyectoFinal\ProyectoFinal\Debug\soil2-debug.pdb'; se vinculará el objeto sin tener en cuenta información de depuración
  ProyectoFinal.vcxproj -> C:\Users\daniela\Documents\8° semestre\Computación G\Laboratorio Comp Graf\Proyecto final\ProyectoFinal\ProyectoFinal\Debug\ProyectoFinal.exe
